c:\users\ecoltri\source\repos\qtguiapplication1\qtguiapplication1\x64\debug\cadastrarvenda.obj
c:\users\ecoltri\source\repos\qtguiapplication1\qtguiapplication1\x64\debug\menuprincipal.obj
c:\users\ecoltri\source\repos\qtguiapplication1\qtguiapplication1\x64\debug\consulta_form.obj
c:\users\ecoltri\source\repos\qtguiapplication1\qtguiapplication1\x64\debug\listar_form.obj
c:\users\ecoltri\source\repos\qtguiapplication1\qtguiapplication1\x64\debug\excluir_form.obj
c:\users\ecoltri\source\repos\qtguiapplication1\qtguiapplication1\x64\debug\cadastrarcompra.obj
c:\users\ecoltri\source\repos\qtguiapplication1\qtguiapplication1\x64\debug\insere_form.obj
c:\users\ecoltri\source\repos\qtguiapplication1\qtguiapplication1\x64\debug\qtguiapplication1.obj
c:\users\ecoltri\source\repos\qtguiapplication1\qtguiapplication1\x64\debug\main.obj
c:\users\ecoltri\source\repos\qtguiapplication1\qtguiapplication1\x64\debug\vc142.pdb
c:\users\ecoltri\source\repos\qtguiapplication1\qtguiapplication1\x64\debug\moc_excluir_form.obj
c:\users\ecoltri\source\repos\qtguiapplication1\qtguiapplication1\x64\debug\moc_excluir_form.asm
c:\users\ecoltri\source\repos\qtguiapplication1\qtguiapplication1\x64\debug\moc_listar_form.obj
c:\users\ecoltri\source\repos\qtguiapplication1\qtguiapplication1\x64\debug\moc_listar_form.asm
c:\users\ecoltri\source\repos\qtguiapplication1\qtguiapplication1\x64\debug\moc_consulta_form.obj
c:\users\ecoltri\source\repos\qtguiapplication1\qtguiapplication1\x64\debug\moc_consulta_form.asm
c:\users\ecoltri\source\repos\qtguiapplication1\qtguiapplication1\x64\debug\moc_insere_form.obj
c:\users\ecoltri\source\repos\qtguiapplication1\qtguiapplication1\x64\debug\moc_insere_form.asm
c:\users\ecoltri\source\repos\qtguiapplication1\qtguiapplication1\x64\debug\moc_menuprincipal.obj
c:\users\ecoltri\source\repos\qtguiapplication1\qtguiapplication1\x64\debug\moc_menuprincipal.asm
c:\users\ecoltri\source\repos\qtguiapplication1\qtguiapplication1\x64\debug\moc_cadastrarvenda.obj
c:\users\ecoltri\source\repos\qtguiapplication1\qtguiapplication1\x64\debug\moc_cadastrarvenda.asm
c:\users\ecoltri\source\repos\qtguiapplication1\qtguiapplication1\x64\debug\qrc_qtguiapplication1.obj
c:\users\ecoltri\source\repos\qtguiapplication1\qtguiapplication1\x64\debug\qrc_qtguiapplication1.asm
c:\users\ecoltri\source\repos\qtguiapplication1\qtguiapplication1\x64\debug\moc_cadastrarcompra.obj
c:\users\ecoltri\source\repos\qtguiapplication1\qtguiapplication1\x64\debug\moc_cadastrarcompra.asm
c:\users\ecoltri\source\repos\qtguiapplication1\qtguiapplication1\x64\debug\moc_qtguiapplication1.obj
c:\users\ecoltri\source\repos\qtguiapplication1\qtguiapplication1\x64\debug\moc_qtguiapplication1.asm
c:\users\ecoltri\source\repos\qtguiapplication1\x64\debug\qtguiapplication1.exe
c:\users\ecoltri\source\repos\qtguiapplication1\x64\debug\qtguiapplication1.ilk
c:\users\ecoltri\source\repos\qtguiapplication1\x64\debug\qtguiapplication1.pdb
c:\users\ecoltri\source\repos\qtguiapplication1\qtguiapplication1\.\generatedfiles\debug\moc_qtguiapplication1.cpp
c:\users\ecoltri\source\repos\qtguiapplication1\qtguiapplication1\.\generatedfiles\debug\moc_menuprincipal.cpp
c:\users\ecoltri\source\repos\qtguiapplication1\qtguiapplication1\.\generatedfiles\debug\moc_consulta_form.cpp
c:\users\ecoltri\source\repos\qtguiapplication1\qtguiapplication1\.\generatedfiles\debug\moc_excluir_form.cpp
c:\users\ecoltri\source\repos\qtguiapplication1\qtguiapplication1\.\generatedfiles\debug\moc_cadastrarcompra.cpp
c:\users\ecoltri\source\repos\qtguiapplication1\qtguiapplication1\.\generatedfiles\debug\moc_cadastrarvenda.cpp
c:\users\ecoltri\source\repos\qtguiapplication1\qtguiapplication1\.\generatedfiles\debug\moc_listar_form.cpp
c:\users\ecoltri\source\repos\qtguiapplication1\qtguiapplication1\.\generatedfiles\debug\moc_insere_form.cpp
c:\users\ecoltri\source\repos\qtguiapplication1\qtguiapplication1\generatedfiles\ui_cadastrarcompra.h
c:\users\ecoltri\source\repos\qtguiapplication1\qtguiapplication1\generatedfiles\ui_cadastrarvenda.h
c:\users\ecoltri\source\repos\qtguiapplication1\qtguiapplication1\generatedfiles\ui_consulta_form.h
c:\users\ecoltri\source\repos\qtguiapplication1\qtguiapplication1\generatedfiles\ui_excluir_form.h
c:\users\ecoltri\source\repos\qtguiapplication1\qtguiapplication1\generatedfiles\ui_insere_form.h
c:\users\ecoltri\source\repos\qtguiapplication1\qtguiapplication1\generatedfiles\ui_menuprincipal.h
c:\users\ecoltri\source\repos\qtguiapplication1\qtguiapplication1\generatedfiles\ui_qtguiapplication1.h
c:\users\ecoltri\source\repos\qtguiapplication1\qtguiapplication1\generatedfiles\ui_listar_form.h
c:\users\ecoltri\source\repos\qtguiapplication1\qtguiapplication1\generatedfiles\qrc_qtguiapplication1.cpp
c:\users\ecoltri\source\repos\qtguiapplication1\qtguiapplication1\generatedfiles\debug\moc_qtguiapplication1.cpp
c:\users\ecoltri\source\repos\qtguiapplication1\qtguiapplication1\generatedfiles\debug\moc_menuprincipal.cpp
c:\users\ecoltri\source\repos\qtguiapplication1\qtguiapplication1\generatedfiles\debug\moc_consulta_form.cpp
c:\users\ecoltri\source\repos\qtguiapplication1\qtguiapplication1\generatedfiles\debug\moc_excluir_form.cpp
c:\users\ecoltri\source\repos\qtguiapplication1\qtguiapplication1\generatedfiles\debug\moc_cadastrarcompra.cpp
c:\users\ecoltri\source\repos\qtguiapplication1\qtguiapplication1\generatedfiles\debug\moc_cadastrarvenda.cpp
c:\users\ecoltri\source\repos\qtguiapplication1\qtguiapplication1\generatedfiles\debug\moc_listar_form.cpp
c:\users\ecoltri\source\repos\qtguiapplication1\qtguiapplication1\generatedfiles\debug\moc_insere_form.cpp
c:\users\ecoltri\source\repos\qtguiapplication1\qtguiapplication1\.\generatedfiles\qrc_qtguiapplication1.cpp
c:\users\ecoltri\source\repos\qtguiapplication1\qtguiapplication1\.\generatedfiles\ui_cadastrarcompra.h
c:\users\ecoltri\source\repos\qtguiapplication1\qtguiapplication1\.\generatedfiles\ui_cadastrarvenda.h
c:\users\ecoltri\source\repos\qtguiapplication1\qtguiapplication1\.\generatedfiles\ui_consulta_form.h
c:\users\ecoltri\source\repos\qtguiapplication1\qtguiapplication1\.\generatedfiles\ui_excluir_form.h
c:\users\ecoltri\source\repos\qtguiapplication1\qtguiapplication1\.\generatedfiles\ui_insere_form.h
c:\users\ecoltri\source\repos\qtguiapplication1\qtguiapplication1\.\generatedfiles\ui_menuprincipal.h
c:\users\ecoltri\source\repos\qtguiapplication1\qtguiapplication1\.\generatedfiles\ui_qtguiapplication1.h
c:\users\ecoltri\source\repos\qtguiapplication1\qtguiapplication1\.\generatedfiles\ui_listar_form.h
c:\users\ecoltri\source\repos\qtguiapplication1\qtguiapplication1\x64\debug\qtguiapp.b12702ad.tlog\cl.command.1.tlog
c:\users\ecoltri\source\repos\qtguiapplication1\qtguiapplication1\x64\debug\qtguiapp.b12702ad.tlog\cl.read.1.tlog
c:\users\ecoltri\source\repos\qtguiapplication1\qtguiapplication1\x64\debug\qtguiapp.b12702ad.tlog\cl.write.1.tlog
c:\users\ecoltri\source\repos\qtguiapplication1\qtguiapplication1\x64\debug\qtguiapp.b12702ad.tlog\link.command.1.tlog
c:\users\ecoltri\source\repos\qtguiapplication1\qtguiapplication1\x64\debug\qtguiapp.b12702ad.tlog\link.read.1.tlog
c:\users\ecoltri\source\repos\qtguiapplication1\qtguiapplication1\x64\debug\qtguiapp.b12702ad.tlog\link.write.1.tlog
c:\users\ecoltri\source\repos\qtguiapplication1\qtguiapplication1\x64\debug\qtguiapp.b12702ad.tlog\moc.read.1u.tlog
c:\users\ecoltri\source\repos\qtguiapplication1\qtguiapplication1\x64\debug\qtguiapp.b12702ad.tlog\moc.write.1u.tlog
c:\users\ecoltri\source\repos\qtguiapplication1\qtguiapplication1\x64\debug\qtguiapp.b12702ad.tlog\qtguiapplication1.write.1u.tlog
c:\users\ecoltri\source\repos\qtguiapplication1\qtguiapplication1\x64\debug\qtguiapp.b12702ad.tlog\rcc.read.1u.tlog
c:\users\ecoltri\source\repos\qtguiapplication1\qtguiapplication1\x64\debug\qtguiapp.b12702ad.tlog\rcc.write.1u.tlog
c:\users\ecoltri\source\repos\qtguiapplication1\qtguiapplication1\x64\debug\qtguiapp.b12702ad.tlog\uic.read.1u.tlog
c:\users\ecoltri\source\repos\qtguiapplication1\qtguiapplication1\x64\debug\qtguiapp.b12702ad.tlog\uic.write.1u.tlog
