  Uic'ing cadastrarcompra.ui...
  Uic'ing cadastrarvenda.ui...
  Uic'ing consulta_form.ui...
  Uic'ing excluir_form.ui...
  Uic'ing insere_form.ui...
  Uic'ing menuprincipal.ui...
  Uic'ing QtGuiApplication1.ui...
  Uic'ing listar_form.ui...
  Rcc'ing QtGuiApplication1.qrc...
  Moc'ing QtGuiApplication1.h...
  Moc'ing menuprincipal.h...
   RCC: Warning: No resources in 'C:\Users\ecoltri\source\repos\QtGuiApplication1\QtGuiApplication1\QtGuiApplication1.qrc'.
  Moc'ing consulta_form.h...
  Moc'ing excluir_form.h...
  Moc'ing cadastrarcompra.h...
  Moc'ing cadastrarvenda.h...
  Moc'ing listar_form.h...
  Moc'ing insere_form.h...
  cadastrarcompra.cpp
  cadastrarvenda.cpp
  consulta_form.cpp
  excluir_form.cpp
  insere_form.cpp
  main.cpp
  menuprincipal.cpp
  QtGuiApplication1.cpp
  listar_form.cpp
  qrc_QtGuiApplication1.cpp
  moc_QtGuiApplication1.cpp
  moc_menuprincipal.cpp
  moc_consulta_form.cpp
  moc_excluir_form.cpp
  moc_cadastrarcompra.cpp
  moc_cadastrarvenda.cpp
  moc_listar_form.cpp
  moc_insere_form.cpp
  QtGuiApplication1.vcxproj -> C:\Users\ecoltri\source\repos\QtGuiApplication1\x64\Debug\QtGuiApplication1.exe
